2022-04-05 00:13:15.070 INFO  org.hibernate.validator.internal.util.Version     :21   [32m                  [0;39m HV000001: Hibernate Validator 6.1.6.Final
2022-04-05 00:13:15.075 INFO  top.nzhz.wiki.WikiApplication                     :55   [32m                  [0;39m Starting WikiApplication using Java 1.8.0_312 on DESKTOP-3LJP6FD with PID 19152 (E:\my_code\wiki\wiki-single\target\classes started by Xisha in E:\my_code\wiki)
2022-04-05 00:13:15.076 INFO  top.nzhz.wiki.WikiApplication                     :660  [32m                  [0;39m No active profile set, falling back to default profiles: default
2022-04-05 00:13:15.122 INFO  o.s.b.d.env.DevToolsPropertyDefaultsPostProcessor :255  [32m                  [0;39m Devtools property defaults active! Set 'spring.devtools.add-properties' to 'false' to disable
2022-04-05 00:13:15.124 INFO  o.s.b.d.env.DevToolsPropertyDefaultsPostProcessor :255  [32m                  [0;39m For additional web related logging consider setting the 'logging.level.web' property to 'DEBUG'
2022-04-05 00:13:15.668 INFO  o.s.d.r.config.RepositoryConfigurationDelegate    :250  [32m                  [0;39m Multiple Spring Data modules found, entering strict repository configuration mode!
2022-04-05 00:13:15.669 INFO  o.s.d.r.config.RepositoryConfigurationDelegate    :128  [32m                  [0;39m Bootstrapping Spring Data Redis repositories in DEFAULT mode.
2022-04-05 00:13:15.690 INFO  o.s.d.r.config.RepositoryConfigurationDelegate    :188  [32m                  [0;39m Finished Spring Data repository scanning in 11 ms. Found 0 Redis repository interfaces.
2022-04-05 00:13:16.219 INFO  o.s.boot.web.embedded.tomcat.TomcatWebServer      :108  [32m                  [0;39m Tomcat initialized with port(s): 8080 (http)
2022-04-05 00:13:16.225 INFO  org.apache.coyote.http11.Http11NioProtocol        :173  [32m                  [0;39m Initializing ProtocolHandler ["http-nio-8080"]
2022-04-05 00:13:16.226 INFO  org.apache.catalina.core.StandardService          :173  [32m                  [0;39m Starting service [Tomcat]
2022-04-05 00:13:16.226 INFO  org.apache.catalina.core.StandardEngine           :173  [32m                  [0;39m Starting Servlet engine: [Apache Tomcat/9.0.39]
2022-04-05 00:13:16.307 INFO  o.a.c.core.ContainerBase.[Tomcat].[localhost].[/] :173  [32m                  [0;39m Initializing Spring embedded WebApplicationContext
2022-04-05 00:13:16.307 INFO  o.s.b.w.s.c.ServletWebServerApplicationContext    :289  [32m                  [0;39m Root WebApplicationContext: initialization completed in 1181 ms
2022-04-05 00:13:17.057 INFO  o.s.scheduling.concurrent.ThreadPoolTaskExecutor  :181  [32m                  [0;39m Initializing ExecutorService 'applicationTaskExecutor'
2022-04-05 00:13:17.410 INFO  o.s.scheduling.concurrent.ThreadPoolTaskScheduler :181  [32m                  [0;39m Initializing ExecutorService 'taskScheduler'
2022-04-05 00:13:17.456 INFO  o.s.b.d.autoconfigure.OptionalLiveReloadServer    :58   [32m                  [0;39m LiveReload server is running on port 35729
2022-04-05 00:13:17.480 INFO  org.apache.coyote.http11.Http11NioProtocol        :173  [32m                  [0;39m Starting ProtocolHandler ["http-nio-8080"]
2022-04-05 00:13:17.496 INFO  o.s.boot.web.embedded.tomcat.TomcatWebServer      :220  [32m                  [0;39m Tomcat started on port(s): 8080 (http) with context path ''
2022-04-05 00:13:17.508 INFO  top.nzhz.wiki.WikiApplication                     :61   [32m                  [0;39m Started WikiApplication in 2.746 seconds (JVM running for 3.562)
2022-04-05 00:13:17.511 INFO  top.nzhz.wiki.WikiApplication                     :24   [32m                  [0;39m 启动成功
2022-04-05 00:13:17.511 INFO  top.nzhz.wiki.WikiApplication                     :25   [32m                  [0;39m 地址：	http://127.0.0.1:8080
2022-04-05 00:13:22.864 INFO  o.a.c.core.ContainerBase.[Tomcat].[localhost].[/] :173  [32m                  [0;39m Initializing Spring DispatcherServlet 'dispatcherServlet'
2022-04-05 00:13:22.865 INFO  org.springframework.web.servlet.DispatcherServlet :525  [32m                  [0;39m Initializing Servlet 'dispatcherServlet'
2022-04-05 00:13:22.867 INFO  org.springframework.web.servlet.DispatcherServlet :547  [32m                  [0;39m Completed initialization in 2 ms
2022-04-05 00:13:22.916 INFO  top.nzhz.wiki.websocket.WebSocketServer           :28   [32m                  [0;39m 有新连接：token:WloLisDnhX,session id: 0, 当前连接数: 1
2022-04-05 00:13:22.922 INFO  top.nzhz.wiki.aspect.LogAspect                    :53   [32m166218602045902849[0;39m ------------- 开始 -------------
2022-04-05 00:13:22.922 INFO  top.nzhz.wiki.aspect.LogAspect                    :53   [32m166218602045902848[0;39m ------------- 开始 -------------
2022-04-05 00:13:22.923 INFO  top.nzhz.wiki.aspect.LogAspect                    :54   [32m166218602045902849[0;39m 请求地址: http://127.0.0.1:8080/category/all GET
2022-04-05 00:13:22.923 INFO  top.nzhz.wiki.aspect.LogAspect                    :54   [32m166218602045902848[0;39m 请求地址: http://127.0.0.1:8080/music-snapshot/get-statistic GET
2022-04-05 00:13:22.923 INFO  top.nzhz.wiki.aspect.LogAspect                    :55   [32m166218602045902849[0;39m 类名方法: top.nzhz.wiki.controller.CategoryController.all
2022-04-05 00:13:22.923 INFO  top.nzhz.wiki.aspect.LogAspect                    :55   [32m166218602045902848[0;39m 类名方法: top.nzhz.wiki.controller.SnapshotController.getStatistic
2022-04-05 00:13:22.923 INFO  top.nzhz.wiki.aspect.LogAspect                    :56   [32m166218602045902848[0;39m 远程地址: 127.0.0.1
2022-04-05 00:13:22.923 INFO  top.nzhz.wiki.aspect.LogAspect                    :56   [32m166218602045902849[0;39m 远程地址: 127.0.0.1
2022-04-05 00:13:22.957 INFO  top.nzhz.wiki.aspect.LogAspect                    :78   [32m166218602045902849[0;39m 请求参数: []
2022-04-05 00:13:22.957 INFO  top.nzhz.wiki.aspect.LogAspect                    :78   [32m166218602045902848[0;39m 请求参数: []
2022-04-05 00:13:22.976 INFO  com.zaxxer.hikari.HikariDataSource                :110  [32m166218602045902848[0;39m HikariPool-1 - Starting...
2022-04-05 00:13:23.850 INFO  com.zaxxer.hikari.HikariDataSource                :123  [32m166218602045902848[0;39m HikariPool-1 - Start completed.
2022-04-05 00:13:23.950 INFO  top.nzhz.wiki.aspect.LogAspect                    :90   [32m166218602045902849[0;39m 返回结果: {"content":[{"id":100,"name":"古典音乐","parent":0,"sort":100},{"id":101,"name":"中世纪","parent":100,"sort":101},{"id":102,"name":"文艺复兴","parent":100,"sort":102},{"id":103,"name":"巴洛克","parent":100,"sort":103},{"id":104,"name":"古典主义","parent":100,"sort":104},{"id":105,"name":"浪漫主义","parent":100,"sort":105},{"id":106,"name":"现代音乐","parent":100,"sort":106},{"id":200,"name":"流行音乐","parent":0,"sort":200}],"success":true}
2022-04-05 00:13:23.950 INFO  top.nzhz.wiki.aspect.LogAspect                    :91   [32m166218602045902849[0;39m ------------- 结束 耗时：1030 ms -------------
2022-04-05 00:13:23.991 INFO  top.nzhz.wiki.aspect.LogAspect                    :90   [32m166218602045902848[0;39m 返回结果: {"content":[],"success":true}
2022-04-05 00:13:23.992 INFO  top.nzhz.wiki.aspect.LogAspect                    :91   [32m166218602045902848[0;39m ------------- 结束 耗时：1072 ms -------------
2022-04-05 00:13:24.032 INFO  top.nzhz.wiki.aspect.LogAspect                    :53   [32m166218606709968896[0;39m ------------- 开始 -------------
2022-04-05 00:13:24.032 INFO  top.nzhz.wiki.aspect.LogAspect                    :54   [32m166218606709968896[0;39m 请求地址: http://127.0.0.1:8080/music/all GET
2022-04-05 00:13:24.032 INFO  top.nzhz.wiki.aspect.LogAspect                    :55   [32m166218606709968896[0;39m 类名方法: top.nzhz.wiki.controller.MusicController.all
2022-04-05 00:13:24.032 INFO  top.nzhz.wiki.aspect.LogAspect                    :56   [32m166218606709968896[0;39m 远程地址: 127.0.0.1
2022-04-05 00:13:24.036 INFO  top.nzhz.wiki.aspect.LogAspect                    :78   [32m166218606709968896[0;39m 请求参数: [{"page":0,"size":0}]
2022-04-05 00:13:24.101 INFO  top.nzhz.wiki.aspect.LogAspect                    :90   [32m166218606709968896[0;39m 返回结果: {"content":[{"author":"巴赫","category1Id":100,"category2Id":103,"cover":"B","docCount":11,"id":1,"listenCount":169,"name":"哥德堡变奏曲","voteCount":35},{"author":"贝多芬","category1Id":100,"category2Id":104,"cover":"B","docCount":1,"id":2,"listenCount":3,"name":"贝多芬第三钢协","voteCount":2},{"author":"柴可夫斯基","category1Id":100,"category2Id":105,"cover":"K","description":"俄罗斯第二国歌","docCount":1,"id":3,"listenCount":1,"name":"柴科夫斯基第一钢琴协奏曲","voteCount":1},{"author":"柴可夫斯基","category1Id":100,"category2Id":105,"docCount":0,"id":4,"listenCount":0,"name":"柴小协","voteCount":0},{"author":"穆索尔斯基","category1Id":100,"category2Id":105,"docCount":0,"id":5,"listenCount":0,"name":"图画展览会","voteCount":0},{"author":"柴可夫斯基","category1Id":100,"category2Id":105,"docCount":0,"id":6,"listenCount":0,"name":"1812序曲","voteCount":0},{"author":"舒伯特","category1Id":100,"category2Id":105,"cover":"","docCount":0,"id":7,"listenCount":0,"name":"未完成交响曲","voteCount":0},{"author":"莫扎特","category1Id":100,"category2Id":104,"cover":"M","docCount":0,"id":12,"listenCount":0,"name":"G大调第13号小夜曲","voteCount":0}],"success":true}
2022-04-05 00:13:24.102 INFO  top.nzhz.wiki.aspect.LogAspect                    :91   [32m166218606709968896[0;39m ------------- 结束 耗时：70 ms -------------
2022-04-05 00:13:26.242 INFO  top.nzhz.wiki.websocket.WebSocketServer           :34   [32m                  [0;39m 连接关闭：token:WloLisDnhX,session id: 0, 当前连接数: 0
2022-04-05 00:13:47.822 INFO  o.s.scheduling.concurrent.ThreadPoolTaskScheduler :218  [32m                  [0;39m Shutting down ExecutorService 'taskScheduler'
2022-04-05 00:13:47.823 INFO  o.s.scheduling.concurrent.ThreadPoolTaskExecutor  :218  [32m                  [0;39m Shutting down ExecutorService 'applicationTaskExecutor'
2022-04-05 00:13:47.825 INFO  com.zaxxer.hikari.HikariDataSource                :350  [32m                  [0;39m HikariPool-1 - Shutdown initiated...
2022-04-05 00:13:47.830 INFO  com.zaxxer.hikari.HikariDataSource                :352  [32m                  [0;39m HikariPool-1 - Shutdown completed.
2022-04-05 00:13:47.968 INFO  top.nzhz.wiki.WikiApplication                     :55   [32m                  [0;39m Starting WikiApplication using Java 1.8.0_312 on DESKTOP-3LJP6FD with PID 19152 (E:\my_code\wiki\wiki-single\target\classes started by Xisha in E:\my_code\wiki)
2022-04-05 00:13:47.968 INFO  top.nzhz.wiki.WikiApplication                     :660  [32m                  [0;39m No active profile set, falling back to default profiles: default
2022-04-05 00:13:48.086 INFO  o.s.d.r.config.RepositoryConfigurationDelegate    :250  [32m                  [0;39m Multiple Spring Data modules found, entering strict repository configuration mode!
2022-04-05 00:13:48.086 INFO  o.s.d.r.config.RepositoryConfigurationDelegate    :128  [32m                  [0;39m Bootstrapping Spring Data Redis repositories in DEFAULT mode.
2022-04-05 00:13:48.087 INFO  o.s.d.r.config.RepositoryConfigurationDelegate    :188  [32m                  [0;39m Finished Spring Data repository scanning in 0 ms. Found 0 Redis repository interfaces.
2022-04-05 00:13:48.105 WARN  org.mybatis.spring.mapper.ClassPathMapperScanner  :44   [32m                  [0;39m No MyBatis mapper was found in '[top.nzhz.wiki.mapper]' package. Please check your configuration.
2022-04-05 00:13:48.170 INFO  o.s.boot.web.embedded.tomcat.TomcatWebServer      :108  [32m                  [0;39m Tomcat initialized with port(s): 8080 (http)
2022-04-05 00:13:48.170 INFO  org.apache.coyote.http11.Http11NioProtocol        :173  [32m                  [0;39m Initializing ProtocolHandler ["http-nio-8080"]
2022-04-05 00:13:48.170 INFO  org.apache.catalina.core.StandardService          :173  [32m                  [0;39m Starting service [Tomcat]
2022-04-05 00:13:48.170 INFO  org.apache.catalina.core.StandardEngine           :173  [32m                  [0;39m Starting Servlet engine: [Apache Tomcat/9.0.39]
2022-04-05 00:13:48.184 INFO  o.a.c.core.ContainerBase.[Tomcat].[localhost].[/] :173  [32m                  [0;39m Initializing Spring embedded WebApplicationContext
2022-04-05 00:13:48.184 INFO  o.s.b.w.s.c.ServletWebServerApplicationContext    :289  [32m                  [0;39m Root WebApplicationContext: initialization completed in 214 ms
2022-04-05 00:13:48.236 INFO  o.s.scheduling.concurrent.ThreadPoolTaskExecutor  :181  [32m                  [0;39m Initializing ExecutorService 'applicationTaskExecutor'
2022-04-05 00:13:48.294 WARN  o.s.b.w.s.c.AnnotationConfigServletWebServerApplicationContext:596  [32m                  [0;39m Exception encountered during context initialization - cancelling refresh attempt: org.springframework.beans.factory.BeanCreationException: Error creating bean with name 'sqlSessionFactory' defined in class path resource [org/mybatis/spring/boot/autoconfigure/MybatisAutoConfiguration.class]: Bean instantiation via factory method failed; nested exception is org.springframework.beans.BeanInstantiationException: Failed to instantiate [org.apache.ibatis.session.SqlSessionFactory]: Factory method 'sqlSessionFactory' threw exception; nested exception is org.springframework.core.NestedIOException: Failed to parse mapping resource: 'file [E:\my_code\wiki\wiki-single\target\classes\mapper\CategoryMapper.xml]'; nested exception is org.apache.ibatis.builder.BuilderException: Error parsing Mapper XML. The XML location is 'file [E:\my_code\wiki\wiki-single\target\classes\mapper\CategoryMapper.xml]'. Cause: org.apache.ibatis.builder.BuilderException: Error resolving class. Cause: org.apache.ibatis.type.TypeException: Could not resolve type alias 'top.nzhz.wiki.domain.Category'.  Cause: java.lang.ClassNotFoundException: Cannot find class: top.nzhz.wiki.domain.Category
2022-04-05 00:13:48.294 INFO  o.s.scheduling.concurrent.ThreadPoolTaskExecutor  :218  [32m                  [0;39m Shutting down ExecutorService 'applicationTaskExecutor'
2022-04-05 00:13:48.295 INFO  org.apache.catalina.core.StandardService          :173  [32m                  [0;39m Stopping service [Tomcat]
2022-04-05 00:13:48.300 INFO  o.s.b.a.l.ConditionEvaluationReportLoggingListener:136  [32m                  [0;39m 

Error starting ApplicationContext. To display the conditions report re-run your application with 'debug' enabled.
2022-04-05 00:13:48.341 ERROR org.springframework.boot.SpringApplication        :856  [32m                  [0;39m Application run failed
org.springframework.beans.factory.BeanCreationException: Error creating bean with name 'sqlSessionFactory' defined in class path resource [org/mybatis/spring/boot/autoconfigure/MybatisAutoConfiguration.class]: Bean instantiation via factory method failed; nested exception is org.springframework.beans.BeanInstantiationException: Failed to instantiate [org.apache.ibatis.session.SqlSessionFactory]: Factory method 'sqlSessionFactory' threw exception; nested exception is org.springframework.core.NestedIOException: Failed to parse mapping resource: 'file [E:\my_code\wiki\wiki-single\target\classes\mapper\CategoryMapper.xml]'; nested exception is org.apache.ibatis.builder.BuilderException: Error parsing Mapper XML. The XML location is 'file [E:\my_code\wiki\wiki-single\target\classes\mapper\CategoryMapper.xml]'. Cause: org.apache.ibatis.builder.BuilderException: Error resolving class. Cause: org.apache.ibatis.type.TypeException: Could not resolve type alias 'top.nzhz.wiki.domain.Category'.  Cause: java.lang.ClassNotFoundException: Cannot find class: top.nzhz.wiki.domain.Category
	at org.springframework.beans.factory.support.ConstructorResolver.instantiate(ConstructorResolver.java:656)
	at org.springframework.beans.factory.support.ConstructorResolver.instantiateUsingFactoryMethod(ConstructorResolver.java:636)
	at org.springframework.beans.factory.support.AbstractAutowireCapableBeanFactory.instantiateUsingFactoryMethod(AbstractAutowireCapableBeanFactory.java:1336)
	at org.springframework.beans.factory.support.AbstractAutowireCapableBeanFactory.createBeanInstance(AbstractAutowireCapableBeanFactory.java:1179)
	at org.springframework.beans.factory.support.AbstractAutowireCapableBeanFactory.doCreateBean(AbstractAutowireCapableBeanFactory.java:571)
	at org.springframework.beans.factory.support.AbstractAutowireCapableBeanFactory.createBean(AbstractAutowireCapableBeanFactory.java:531)
	at org.springframework.beans.factory.support.AbstractBeanFactory.lambda$doGetBean$0(AbstractBeanFactory.java:335)
	at org.springframework.beans.factory.support.DefaultSingletonBeanRegistry.getSingleton(DefaultSingletonBeanRegistry.java:234)
	at org.springframework.beans.factory.support.AbstractBeanFactory.doGetBean(AbstractBeanFactory.java:333)
	at org.springframework.beans.factory.support.AbstractBeanFactory.getBean(AbstractBeanFactory.java:208)
	at org.springframework.beans.factory.support.DefaultListableBeanFactory.preInstantiateSingletons(DefaultListableBeanFactory.java:944)
	at org.springframework.context.support.AbstractApplicationContext.finishBeanFactoryInitialization(AbstractApplicationContext.java:925)
	at org.springframework.context.support.AbstractApplicationContext.refresh(AbstractApplicationContext.java:588)
	at org.springframework.boot.web.servlet.context.ServletWebServerApplicationContext.refresh(ServletWebServerApplicationContext.java:144)
	at org.springframework.boot.SpringApplication.refresh(SpringApplication.java:767)
	at org.springframework.boot.SpringApplication.refresh(SpringApplication.java:759)
	at org.springframework.boot.SpringApplication.refreshContext(SpringApplication.java:426)
	at org.springframework.boot.SpringApplication.run(SpringApplication.java:326)
	at top.nzhz.wiki.WikiApplication.main(WikiApplication.java:23)
	at sun.reflect.NativeMethodAccessorImpl.invoke0(Native Method)
	at sun.reflect.NativeMethodAccessorImpl.invoke(NativeMethodAccessorImpl.java:62)
	at sun.reflect.DelegatingMethodAccessorImpl.invoke(DelegatingMethodAccessorImpl.java:43)
	at java.lang.reflect.Method.invoke(Method.java:498)
	at org.springframework.boot.devtools.restart.RestartLauncher.run(RestartLauncher.java:49)
Caused by: org.springframework.beans.BeanInstantiationException: Failed to instantiate [org.apache.ibatis.session.SqlSessionFactory]: Factory method 'sqlSessionFactory' threw exception; nested exception is org.springframework.core.NestedIOException: Failed to parse mapping resource: 'file [E:\my_code\wiki\wiki-single\target\classes\mapper\CategoryMapper.xml]'; nested exception is org.apache.ibatis.builder.BuilderException: Error parsing Mapper XML. The XML location is 'file [E:\my_code\wiki\wiki-single\target\classes\mapper\CategoryMapper.xml]'. Cause: org.apache.ibatis.builder.BuilderException: Error resolving class. Cause: org.apache.ibatis.type.TypeException: Could not resolve type alias 'top.nzhz.wiki.domain.Category'.  Cause: java.lang.ClassNotFoundException: Cannot find class: top.nzhz.wiki.domain.Category
	at org.springframework.beans.factory.support.SimpleInstantiationStrategy.instantiate(SimpleInstantiationStrategy.java:185)
	at org.springframework.beans.factory.support.ConstructorResolver.instantiate(ConstructorResolver.java:651)
	... 23 common frames omitted
Caused by: org.springframework.core.NestedIOException: Failed to parse mapping resource: 'file [E:\my_code\wiki\wiki-single\target\classes\mapper\CategoryMapper.xml]'; nested exception is org.apache.ibatis.builder.BuilderException: Error parsing Mapper XML. The XML location is 'file [E:\my_code\wiki\wiki-single\target\classes\mapper\CategoryMapper.xml]'. Cause: org.apache.ibatis.builder.BuilderException: Error resolving class. Cause: org.apache.ibatis.type.TypeException: Could not resolve type alias 'top.nzhz.wiki.domain.Category'.  Cause: java.lang.ClassNotFoundException: Cannot find class: top.nzhz.wiki.domain.Category
	at org.mybatis.spring.SqlSessionFactoryBean.buildSqlSessionFactory(SqlSessionFactoryBean.java:613)
	at org.mybatis.spring.SqlSessionFactoryBean.afterPropertiesSet(SqlSessionFactoryBean.java:491)
	at org.mybatis.spring.SqlSessionFactoryBean.getObject(SqlSessionFactoryBean.java:633)
	at org.mybatis.spring.boot.autoconfigure.MybatisAutoConfiguration.sqlSessionFactory(MybatisAutoConfiguration.java:179)
	at org.mybatis.spring.boot.autoconfigure.MybatisAutoConfiguration$$EnhancerBySpringCGLIB$$3ce804d8.CGLIB$sqlSessionFactory$2(<generated>)
	at org.mybatis.spring.boot.autoconfigure.MybatisAutoConfiguration$$EnhancerBySpringCGLIB$$3ce804d8$$FastClassBySpringCGLIB$$a5554d09.invoke(<generated>)
	at org.springframework.cglib.proxy.MethodProxy.invokeSuper(MethodProxy.java:244)
	at org.springframework.context.annotation.ConfigurationClassEnhancer$BeanMethodInterceptor.intercept(ConfigurationClassEnhancer.java:331)
	at org.mybatis.spring.boot.autoconfigure.MybatisAutoConfiguration$$EnhancerBySpringCGLIB$$3ce804d8.sqlSessionFactory(<generated>)
	at sun.reflect.NativeMethodAccessorImpl.invoke0(Native Method)
	at sun.reflect.NativeMethodAccessorImpl.invoke(NativeMethodAccessorImpl.java:62)
	at sun.reflect.DelegatingMethodAccessorImpl.invoke(DelegatingMethodAccessorImpl.java:43)
	at java.lang.reflect.Method.invoke(Method.java:498)
	at org.springframework.beans.factory.support.SimpleInstantiationStrategy.instantiate(SimpleInstantiationStrategy.java:154)
	... 24 common frames omitted
Caused by: org.apache.ibatis.builder.BuilderException: Error parsing Mapper XML. The XML location is 'file [E:\my_code\wiki\wiki-single\target\classes\mapper\CategoryMapper.xml]'. Cause: org.apache.ibatis.builder.BuilderException: Error resolving class. Cause: org.apache.ibatis.type.TypeException: Could not resolve type alias 'top.nzhz.wiki.domain.Category'.  Cause: java.lang.ClassNotFoundException: Cannot find class: top.nzhz.wiki.domain.Category
	at org.apache.ibatis.builder.xml.XMLMapperBuilder.configurationElement(XMLMapperBuilder.java:123)
	at org.apache.ibatis.builder.xml.XMLMapperBuilder.parse(XMLMapperBuilder.java:95)
	at org.mybatis.spring.SqlSessionFactoryBean.buildSqlSessionFactory(SqlSessionFactoryBean.java:611)
	... 37 common frames omitted
Caused by: org.apache.ibatis.builder.BuilderException: Error resolving class. Cause: org.apache.ibatis.type.TypeException: Could not resolve type alias 'top.nzhz.wiki.domain.Category'.  Cause: java.lang.ClassNotFoundException: Cannot find class: top.nzhz.wiki.domain.Category
	at org.apache.ibatis.builder.BaseBuilder.resolveClass(BaseBuilder.java:118)
	at org.apache.ibatis.builder.xml.XMLMapperBuilder.resultMapElement(XMLMapperBuilder.java:263)
	at org.apache.ibatis.builder.xml.XMLMapperBuilder.resultMapElement(XMLMapperBuilder.java:254)
	at org.apache.ibatis.builder.xml.XMLMapperBuilder.resultMapElements(XMLMapperBuilder.java:246)
	at org.apache.ibatis.builder.xml.XMLMapperBuilder.configurationElement(XMLMapperBuilder.java:119)
	... 39 common frames omitted
Caused by: org.apache.ibatis.type.TypeException: Could not resolve type alias 'top.nzhz.wiki.domain.Category'.  Cause: java.lang.ClassNotFoundException: Cannot find class: top.nzhz.wiki.domain.Category
	at org.apache.ibatis.type.TypeAliasRegistry.resolveAlias(TypeAliasRegistry.java:120)
	at org.apache.ibatis.builder.BaseBuilder.resolveAlias(BaseBuilder.java:149)
	at org.apache.ibatis.builder.BaseBuilder.resolveClass(BaseBuilder.java:116)
	... 43 common frames omitted
Caused by: java.lang.ClassNotFoundException: Cannot find class: top.nzhz.wiki.domain.Category
	at org.apache.ibatis.io.ClassLoaderWrapper.classForName(ClassLoaderWrapper.java:196)
	at org.apache.ibatis.io.ClassLoaderWrapper.classForName(ClassLoaderWrapper.java:89)
	at org.apache.ibatis.io.Resources.classForName(Resources.java:261)
	at org.apache.ibatis.type.TypeAliasRegistry.resolveAlias(TypeAliasRegistry.java:116)
	... 45 common frames omitted
